<?xml version="1.0" encoding="UTF-8"?>
<testng-results skipped="0" failed="0" ignored="0" total="1" passed="1">
  <reporter-output>
  </reporter-output>
  <suite name="Amazon Automation" duration-ms="26393" started-at="2022-02-12T20:10:21 EST" finished-at="2022-02-12T20:10:48 EST">
    <groups>
    </groups>
    <test name="Amazon test" duration-ms="26393" started-at="2022-02-12T20:10:21 EST" finished-at="2022-02-12T20:10:48 EST">
      <class name="us.piit.purchase.TestPurchase">
        <test-method status="PASS" signature="setUp(java.lang.String,java.lang.String,java.lang.String)[pri:0, instance:us.piit.purchase.TestPurchase@731a74c]" name="setUp" is-config="true" duration-ms="12381" started-at="2022-02-12T20:10:21 EST" finished-at="2022-02-12T20:10:34 EST">
          <params>
            <param index="0">
              <value>
                <![CDATA[windows]]>
              </value>
            </param>
            <param index="1">
              <value>
                <![CDATA[chrome]]>
              </value>
            </param>
            <param index="2">
              <value>
                <![CDATA[https://www.amazon.com]]>
              </value>
            </param>
          </params>
          <reporter-output>
          </reporter-output>
        </test-method> <!-- setUp -->
        <test-method status="PASS" signature="addToCartAndCheckItem()[pri:0, instance:us.piit.purchase.TestPurchase@731a74c]" name="addToCartAndCheckItem" duration-ms="13010" started-at="2022-02-12T20:10:34 EST" finished-at="2022-02-12T20:10:47 EST">
          <reporter-output>
          </reporter-output>
        </test-method> <!-- addToCartAndCheckItem -->
        <test-method status="PASS" signature="afterMethod()[pri:0, instance:us.piit.purchase.TestPurchase@731a74c]" name="afterMethod" is-config="true" duration-ms="907" started-at="2022-02-12T20:10:47 EST" finished-at="2022-02-12T20:10:48 EST">
          <reporter-output>
          </reporter-output>
        </test-method> <!-- afterMethod -->
      </class> <!-- us.piit.purchase.TestPurchase -->
    </test> <!-- Amazon test -->
  </suite> <!-- Amazon Automation -->
</testng-results>
