<?xml version="1.0" encoding="UTF-8"?>
<testng-results skipped="0" failed="0" ignored="0" total="3" passed="3">
  <reporter-output>
    <line>
      <![CDATA[Extent Report DirectoryC:\Users\PeopleNTech NY Class\IdeaProjects\Dec2021-web-automation-framework\Amazon\test-output\html]]>
    </line>
  </reporter-output>
  <suite name="Amazon Automation" duration-ms="71649" started-at="2022-02-20T15:32:46 EST" finished-at="2022-02-20T15:33:58 EST">
    <groups>
    </groups>
    <test name="Amazon test" duration-ms="71649" started-at="2022-02-20T15:32:46 EST" finished-at="2022-02-20T15:33:58 EST">
      <class name="us.piit.search.TestSearchSingleItem">
        <test-method status="PASS" signature="extentSetup(org.testng.ITestContext)[pri:0, instance:us.piit.search.TestSearchSingleItem@4d95d2a2]" name="extentSetup" is-config="true" duration-ms="566" started-at="2022-02-20T15:32:45 EST" finished-at="2022-02-20T15:32:46 EST">
          <params>
            <param index="0">
              <value>
                <![CDATA[org.testng.TestRunner@29d334c]]>
              </value>
            </param>
          </params>
          <reporter-output>
            <line>
              <![CDATA[Extent Report DirectoryC:\Users\PeopleNTech NY Class\IdeaProjects\Dec2021-web-automation-framework\Amazon\test-output\html]]>
            </line>
          </reporter-output>
        </test-method> <!-- extentSetup -->
        <test-method status="PASS" signature="setUp(boolean,java.lang.String,java.lang.String,java.lang.String,java.lang.String,java.lang.String,java.lang.String)[pri:0, instance:us.piit.search.TestSearchSingleItem@4d95d2a2]" name="setUp" is-config="true" duration-ms="18810" started-at="2022-02-20T15:32:46 EST" finished-at="2022-02-20T15:33:05 EST">
          <params>
            <param index="0">
              <value>
                <![CDATA[false]]>
              </value>
            </param>
            <param index="1">
              <value>
                <![CDATA[browserstack]]>
              </value>
            </param>
            <param index="2">
              <value>
                <![CDATA[windows]]>
              </value>
            </param>
            <param index="3">
              <value>
                <![CDATA[Sierra]]>
              </value>
            </param>
            <param index="4">
              <value>
                <![CDATA[chrome]]>
              </value>
            </param>
            <param index="5">
              <value>
                <![CDATA[98]]>
              </value>
            </param>
            <param index="6">
              <value>
                <![CDATA[https://www.amazon.com]]>
              </value>
            </param>
          </params>
          <reporter-output>
          </reporter-output>
        </test-method> <!-- setUp -->
        <test-method status="PASS" signature="startExtent(java.lang.reflect.Method)[pri:0, instance:us.piit.search.TestSearchSingleItem@4d95d2a2]" name="startExtent" is-config="true" duration-ms="14" started-at="2022-02-20T15:33:05 EST" finished-at="2022-02-20T15:33:05 EST">
          <params>
            <param index="0">
              <value>
                <![CDATA[public void us.piit.search.TestSearchSingleItem.searchComputer()]]>
              </value>
            </param>
          </params>
          <reporter-output>
          </reporter-output>
        </test-method> <!-- startExtent -->
        <test-method status="PASS" signature="searchComputer()[pri:0, instance:us.piit.search.TestSearchSingleItem@4d95d2a2]" name="searchComputer" duration-ms="15373" started-at="2022-02-20T15:33:05 EST" finished-at="2022-02-20T15:33:20 EST">
          <reporter-output>
          </reporter-output>
        </test-method> <!-- searchComputer -->
        <test-method status="PASS" signature="afterEachTestMethod(org.testng.ITestResult)[pri:0, instance:us.piit.search.TestSearchSingleItem@4d95d2a2]" name="afterEachTestMethod" is-config="true" duration-ms="3405" started-at="2022-02-20T15:33:20 EST" finished-at="2022-02-20T15:33:24 EST">
          <params>
            <param index="0">
              <value>
                <![CDATA[[TestResult name=searchComputer status=SUCCESS method=TestSearchSingleItem.searchComputer()[pri:0, instance:us.piit.search.TestSearchSingleItem@4d95d2a2] output={null}]]]>
              </value>
            </param>
          </params>
          <reporter-output>
          </reporter-output>
        </test-method> <!-- afterEachTestMethod -->
        <test-method status="PASS" signature="afterMethod()[pri:0, instance:us.piit.search.TestSearchSingleItem@4d95d2a2]" name="afterMethod" is-config="true" duration-ms="2" started-at="2022-02-20T15:33:24 EST" finished-at="2022-02-20T15:33:24 EST">
          <reporter-output>
          </reporter-output>
        </test-method> <!-- afterMethod -->
        <test-method status="PASS" signature="setUp(boolean,java.lang.String,java.lang.String,java.lang.String,java.lang.String,java.lang.String,java.lang.String)[pri:0, instance:us.piit.search.TestSearchSingleItem@4d95d2a2]" name="setUp" is-config="true" duration-ms="10639" started-at="2022-02-20T15:33:24 EST" finished-at="2022-02-20T15:33:34 EST">
          <params>
            <param index="0">
              <value>
                <![CDATA[false]]>
              </value>
            </param>
            <param index="1">
              <value>
                <![CDATA[browserstack]]>
              </value>
            </param>
            <param index="2">
              <value>
                <![CDATA[windows]]>
              </value>
            </param>
            <param index="3">
              <value>
                <![CDATA[Sierra]]>
              </value>
            </param>
            <param index="4">
              <value>
                <![CDATA[chrome]]>
              </value>
            </param>
            <param index="5">
              <value>
                <![CDATA[98]]>
              </value>
            </param>
            <param index="6">
              <value>
                <![CDATA[https://www.amazon.com]]>
              </value>
            </param>
          </params>
          <reporter-output>
          </reporter-output>
        </test-method> <!-- setUp -->
        <test-method status="PASS" signature="startExtent(java.lang.reflect.Method)[pri:0, instance:us.piit.search.TestSearchSingleItem@4d95d2a2]" name="startExtent" is-config="true" duration-ms="0" started-at="2022-02-20T15:33:34 EST" finished-at="2022-02-20T15:33:34 EST">
          <params>
            <param index="0">
              <value>
                <![CDATA[public void us.piit.search.TestSearchSingleItem.searchJavaBook()]]>
              </value>
            </param>
          </params>
          <reporter-output>
          </reporter-output>
        </test-method> <!-- startExtent -->
        <test-method status="PASS" signature="searchJavaBook()[pri:0, instance:us.piit.search.TestSearchSingleItem@4d95d2a2]" name="searchJavaBook" duration-ms="4250" started-at="2022-02-20T15:33:34 EST" finished-at="2022-02-20T15:33:39 EST">
          <reporter-output>
          </reporter-output>
        </test-method> <!-- searchJavaBook -->
        <test-method status="PASS" signature="afterEachTestMethod(org.testng.ITestResult)[pri:0, instance:us.piit.search.TestSearchSingleItem@4d95d2a2]" name="afterEachTestMethod" is-config="true" duration-ms="1514" started-at="2022-02-20T15:33:39 EST" finished-at="2022-02-20T15:33:40 EST">
          <params>
            <param index="0">
              <value>
                <![CDATA[[TestResult name=searchJavaBook status=SUCCESS method=TestSearchSingleItem.searchJavaBook()[pri:0, instance:us.piit.search.TestSearchSingleItem@4d95d2a2] output={null}]]]>
              </value>
            </param>
          </params>
          <reporter-output>
          </reporter-output>
        </test-method> <!-- afterEachTestMethod -->
        <test-method status="PASS" signature="afterMethod()[pri:0, instance:us.piit.search.TestSearchSingleItem@4d95d2a2]" name="afterMethod" is-config="true" duration-ms="1" started-at="2022-02-20T15:33:40 EST" finished-at="2022-02-20T15:33:40 EST">
          <reporter-output>
          </reporter-output>
        </test-method> <!-- afterMethod -->
        <test-method status="PASS" signature="setUp(boolean,java.lang.String,java.lang.String,java.lang.String,java.lang.String,java.lang.String,java.lang.String)[pri:0, instance:us.piit.search.TestSearchSingleItem@4d95d2a2]" name="setUp" is-config="true" duration-ms="10174" started-at="2022-02-20T15:33:40 EST" finished-at="2022-02-20T15:33:50 EST">
          <params>
            <param index="0">
              <value>
                <![CDATA[false]]>
              </value>
            </param>
            <param index="1">
              <value>
                <![CDATA[browserstack]]>
              </value>
            </param>
            <param index="2">
              <value>
                <![CDATA[windows]]>
              </value>
            </param>
            <param index="3">
              <value>
                <![CDATA[Sierra]]>
              </value>
            </param>
            <param index="4">
              <value>
                <![CDATA[chrome]]>
              </value>
            </param>
            <param index="5">
              <value>
                <![CDATA[98]]>
              </value>
            </param>
            <param index="6">
              <value>
                <![CDATA[https://www.amazon.com]]>
              </value>
            </param>
          </params>
          <reporter-output>
          </reporter-output>
        </test-method> <!-- setUp -->
        <test-method status="PASS" signature="startExtent(java.lang.reflect.Method)[pri:0, instance:us.piit.search.TestSearchSingleItem@4d95d2a2]" name="startExtent" is-config="true" duration-ms="2" started-at="2022-02-20T15:33:50 EST" finished-at="2022-02-20T15:33:50 EST">
          <params>
            <param index="0">
              <value>
                <![CDATA[public void us.piit.search.TestSearchSingleItem.searchSeleniumBook()]]>
              </value>
            </param>
          </params>
          <reporter-output>
          </reporter-output>
        </test-method> <!-- startExtent -->
        <test-method status="PASS" signature="searchSeleniumBook()[pri:0, instance:us.piit.search.TestSearchSingleItem@4d95d2a2]" name="searchSeleniumBook" duration-ms="6093" started-at="2022-02-20T15:33:50 EST" finished-at="2022-02-20T15:33:56 EST">
          <reporter-output>
          </reporter-output>
        </test-method> <!-- searchSeleniumBook -->
        <test-method status="PASS" signature="afterEachTestMethod(org.testng.ITestResult)[pri:0, instance:us.piit.search.TestSearchSingleItem@4d95d2a2]" name="afterEachTestMethod" is-config="true" duration-ms="1313" started-at="2022-02-20T15:33:56 EST" finished-at="2022-02-20T15:33:58 EST">
          <params>
            <param index="0">
              <value>
                <![CDATA[[TestResult name=searchSeleniumBook status=SUCCESS method=TestSearchSingleItem.searchSeleniumBook()[pri:0, instance:us.piit.search.TestSearchSingleItem@4d95d2a2] output={null}]]]>
              </value>
            </param>
          </params>
          <reporter-output>
          </reporter-output>
        </test-method> <!-- afterEachTestMethod -->
        <test-method status="PASS" signature="afterMethod()[pri:0, instance:us.piit.search.TestSearchSingleItem@4d95d2a2]" name="afterMethod" is-config="true" duration-ms="0" started-at="2022-02-20T15:33:58 EST" finished-at="2022-02-20T15:33:58 EST">
          <reporter-output>
          </reporter-output>
        </test-method> <!-- afterMethod -->
        <test-method status="PASS" signature="generateReport()[pri:0, instance:us.piit.search.TestSearchSingleItem@4d95d2a2]" name="generateReport" is-config="true" duration-ms="37" started-at="2022-02-20T15:34:00 EST" finished-at="2022-02-20T15:34:00 EST">
          <reporter-output>
          </reporter-output>
        </test-method> <!-- generateReport -->
      </class> <!-- us.piit.search.TestSearchSingleItem -->
    </test> <!-- Amazon test -->
  </suite> <!-- Amazon Automation -->
</testng-results>
