<?xml version="1.0" encoding="UTF-8"?>
<!-- Generated by org.testng.reporters.JUnitXMLReporter -->
<testsuite hostname="Training1" ignored="0" name="Amazon test" tests="3" failures="0" timestamp="2022-02-20T15:33:58 EST" time="71.649" errors="0">
  <testcase name="searchComputer" time="15.373" classname="us.piit.search.TestSearchSingleItem"/>
  <testcase name="searchJavaBook" time="4.25" classname="us.piit.search.TestSearchSingleItem"/>
  <testcase name="searchSeleniumBook" time="6.093" classname="us.piit.search.TestSearchSingleItem"/>
</testsuite> <!-- Amazon test -->
